<?xml version="1.0" encoding="UTF-8"?>
<!-- Generated by org.testng.reporters.JUnitReportReporter -->
<testsuite hostname="MacBook-Air.local" failures="0" tests="1" name="com.facebook.testcases.TC_1" time="5.633" errors="0" timestamp="2023-01-07T21:05:23 PST" skipped="0">
  <testcase classname="com.facebook.testcases.TC_1" name="newacc" time="5.633"/>
  <system-out/>
</testsuite> <!-- com.facebook.testcases.TC_1 -->
