<?xml version="1.0" encoding="UTF-8"?>
<!-- Generated by org.testng.reporters.JUnitReportReporter -->
<testsuite hostname="MacBook-Air.local" failures="0" tests="1" name="com.facebook.testcases.dropdown" time="19.750" errors="0" timestamp="2023-01-22T11:29:14 PST" skipped="0">
  <testcase classname="com.facebook.testcases.dropdown" name="run" time="19.750"/>
  <system-out/>
</testsuite> <!-- com.facebook.testcases.dropdown -->
