<?xml version="1.0" encoding="UTF-8"?>
<!-- Generated by org.testng.reporters.JUnitReportReporter -->
<testsuite hostname="DESKTOP-MP5P5GA" failures="0" tests="1" name="ca.amazon.www.testscripts.price_verification" time="52.450" errors="0" timestamp="2022-04-26T21:08:00 GMT-07:00" skipped="0">
  <testcase classname="ca.amazon.www.testscripts.price_verification" name="verifyprodprice" time="52.450"/>
  <system-out/>
</testsuite> <!-- ca.amazon.www.testscripts.price_verification -->
