<?xml version="1.0" encoding="UTF-8"?>
<!-- Generated by org.testng.reporters.JUnitReportReporter -->
<testsuite hostname="DESKTOP-MP5P5GA" failures="0" tests="1" name="utils.Post_excel" time="2.621" errors="0" timestamp="2022-06-26T11:11:55 GMT-07:00" skipped="0">
  <testcase classname="utils.Post_excel" name="deletedata" time="2.621"/>
  <system-out/>
</testsuite> <!-- utils.Post_excel -->
