<?xml version="1.0" encoding="UTF-8"?>
<!-- Generated by org.testng.reporters.JUnitReportReporter -->
<testsuite hostname="DESKTOP-MP5P5GA" failures="0" tests="1" name="Pack1.Test2_Get" time="5.905" errors="0" timestamp="2022-06-23T20:09:54 GMT-07:00" skipped="0">
  <testcase classname="Pack1.Test2_Get" name="test1" time="5.905"/>
  <system-out/>
</testsuite> <!-- Pack1.Test2_Get -->
