<?xml version="1.0" encoding="UTF-8"?>
<!-- Generated by org.testng.reporters.JUnitReportReporter -->
<testsuite hostname="DESKTOP-MP5P5GA" failures="0" tests="1" name="Pack1.Datadriven" time="3.019" errors="0" timestamp="2022-06-25T14:18:18 GMT-07:00" skipped="0">
  <testcase classname="Pack1.Datadriven" name="delete_data" time="3.019"/>
  <system-out/>
</testsuite> <!-- Pack1.Datadriven -->
