<?xml version="1.0" encoding="UTF-8"?>
<!-- Generated by org.testng.reporters.JUnitReportReporter -->
<testsuite hostname="DESKTOP-MP5P5GA" failures="0" tests="1" name="Pack1.Post_put_patch_delete" time="9.073" errors="0" timestamp="2022-08-17T22:05:24 PDT" skipped="0">
  <testcase classname="Pack1.Post_put_patch_delete" name="test2_Put" time="9.073"/>
  <system-out/>
</testsuite> <!-- Pack1.Post_put_patch_delete -->
