<?xml version="1.0" encoding="UTF-8"?>
<!-- Generated by org.testng.reporters.JUnitReportReporter -->
<testsuite hostname="DESKTOP-MP5P5GA" failures="0" tests="1" name="Pack1.Test_Post" time="5.262" errors="0" timestamp="2022-06-23T21:11:06 GMT-07:00" skipped="0">
  <testcase classname="Pack1.Test_Post" name="test4_Delete" time="5.262"/>
  <system-out/>
</testsuite> <!-- Pack1.Test_Post -->
