<?xml version="1.0" encoding="UTF-8"?>
<!-- Generated by org.testng.reporters.JUnitReportReporter -->
<testsuite hostname="DESKTOP-MP5P5GA" failures="0" tests="1" name="Pack1.Test1_Get" time="7.328" errors="0" timestamp="2022-06-23T19:31:25 GMT-07:00" skipped="0">
  <testcase classname="Pack1.Test1_Get" name="method2" time="7.328"/>
  <system-out/>
</testsuite> <!-- Pack1.Test1_Get -->
