<?xml version="1.0" encoding="UTF-8"?>
<!-- Generated by org.testng.reporters.JUnitReportReporter -->
<testsuite hostname="MacBook-Air.local" failures="0" tests="1" name="Day3.headers" time="0.761" errors="0" timestamp="2023-01-30T21:25:19 PST" skipped="0">
  <testcase classname="Day3.headers" name="getHeaderInfo" time="0.761"/>
  <system-out/>
</testsuite> <!-- Day3.headers -->
