<?xml version="1.0" encoding="UTF-8"?>
<!-- Generated by org.testng.reporters.JUnitReportReporter -->
<testsuite hostname="MacBook-Air.local" failures="0" tests="1" name="Day4.parsing_jsonResponse" time="0.668" errors="0" timestamp="2023-01-31T12:15:32 PST" skipped="0">
  <testcase classname="Day4.parsing_jsonResponse" name="JsonResponse3" time="0.668"/>
  <system-out/>
</testsuite> <!-- Day4.parsing_jsonResponse -->
