<?xml version="1.0" encoding="UTF-8"?>
<!-- Generated by org.testng.reporters.JUnitReportReporter -->
<testsuite hostname="MacBook-Air.local" failures="0" tests="1" name="Day3.cookies_headers" time="0.782" errors="0" timestamp="2023-01-30T20:44:36 PST" skipped="0">
  <testcase classname="Day3.cookies_headers" name="getCookiesInfo" time="0.782"/>
  <system-out/>
</testsuite> <!-- Day3.cookies_headers -->
