<?xml version="1.0" encoding="UTF-8"?>
<!-- Generated by org.testng.reporters.JUnitReportReporter -->
<testsuite hostname="MacBook-Air.local" failures="0" tests="4" name="Day1.httpReq" time="2.553" errors="0" timestamp="2023-01-30T00:21:27 PST" skipped="0">
  <testcase classname="Day1.httpReq" name="getUsers" time="1.150"/>
  <system-out/>
  <testcase classname="Day1.httpReq" name="createUser" time="0.551"/>
  <system-out/>
  <testcase classname="Day1.httpReq" name="updateUser" time="0.443"/>
  <system-out/>
  <testcase classname="Day1.httpReq" name="deleteUser" time="0.409"/>
  <system-out/>
</testsuite> <!-- Day1.httpReq -->
