<?xml version="1.0" encoding="UTF-8"?>
<!-- Generated by org.testng.reporters.JUnitReportReporter -->
<testsuite hostname="MacBook-Air.local" failures="0" tests="1" name="Day3.path_QuerryParam" time="1.202" errors="0" timestamp="2023-01-30T19:59:23 PST" skipped="0">
  <testcase classname="Day3.path_QuerryParam" name="method1" time="1.202"/>
  <system-out/>
</testsuite> <!-- Day3.path_QuerryParam -->
