<?xml version="1.0" encoding="UTF-8"?>
<!-- Generated by org.testng.reporters.JUnitReportReporter -->
<testsuite hostname="MacBook-Air.local" failures="0" tests="1" name="Day3.logging" time="1.057" errors="0" timestamp="2023-01-30T21:33:02 PST" skipped="0">
  <testcase classname="Day3.logging" name="logs" time="1.057"/>
  <system-out/>
</testsuite> <!-- Day3.logging -->
