<?xml version="1.0" encoding="UTF-8"?>
<!-- Generated by org.testng.reporters.JUnitReportReporter -->
<testsuite hostname="MacBook-Air.local" failures="0" tests="1" name="Day2.Ways_to_create_reqBody" time="0.848" errors="0" timestamp="2023-01-30T19:20:35 PST" skipped="0">
  <testcase classname="Day2.Ways_to_create_reqBody" name="method4" time="0.848"/>
  <system-out/>
</testsuite> <!-- Day2.Ways_to_create_reqBody -->
