<?xml version="1.0" encoding="UTF-8"?>
<!-- Generated by org.testng.reporters.JUnitReportReporter -->
<testsuite hostname="DESKTOP-MP5P5GA" failures="0" tests="1" name="Get_req_2" time="4.870" errors="0" timestamp="2022-06-15T22:48:32 GMT-07:00" skipped="0">
  <testcase classname="Get_req_2" name="google_maps" time="4.870"/>
  <system-out/>
</testsuite> <!-- Get_req_2 -->
