<?xml version="1.0" encoding="UTF-8"?>
<!-- Generated by org.testng.reporters.JUnitReportReporter -->
<testsuite hostname="DESKTOP-MP5P5GA" failures="0" tests="2" name="com.automationpractice.www.testscripts.Test_scenario_4" time="15.778" errors="0" timestamp="2022-04-30T23:48:42 GMT-07:00" skipped="0">
  <testcase classname="com.automationpractice.www.testscripts.Test_scenario_4" name="scenario_4" time="11.203"/>
  <system-out/>
  <testcase classname="com.automationpractice.www.testscripts.Test_scenario_4" name="scenario_4" time="4.575"/>
  <system-out/>
</testsuite> <!-- com.automationpractice.www.testscripts.Test_scenario_4 -->
