<?xml version="1.0" encoding="UTF-8"?>
<!-- Generated by org.testng.reporters.JUnitReportReporter -->
<testsuite hostname="DESKTOP-MP5P5GA" failures="0" tests="2" name="com.automationpractice.www.testscripts.Test_scenario_5" time="23.251" errors="0" timestamp="2022-04-30T23:48:42 GMT-07:00" skipped="0">
  <testcase classname="com.automationpractice.www.testscripts.Test_scenario_5" name="scenario5" time="8.197"/>
  <system-out/>
  <testcase classname="com.automationpractice.www.testscripts.Test_scenario_5" name="scenario5" time="15.054"/>
  <system-out/>
</testsuite> <!-- com.automationpractice.www.testscripts.Test_scenario_5 -->
