<?xml version="1.0" encoding="UTF-8"?>
<!-- Generated by org.testng.reporters.JUnitReportReporter -->
<testsuite hostname="DESKTOP-MP5P5GA" failures="0" tests="4" name="com.automationpractice.www.testscripts.Test_scenario_2" time="23.198" errors="0" timestamp="2022-04-30T23:48:42 GMT-07:00" skipped="0">
  <testcase classname="com.automationpractice.www.testscripts.Test_scenario_2" name="scenario2" time="5.708"/>
  <system-out/>
  <testcase classname="com.automationpractice.www.testscripts.Test_scenario_2" name="scenario2" time="6.856"/>
  <system-out/>
  <testcase classname="com.automationpractice.www.testscripts.Test_scenario_2" name="scenario2_1" time="5.358"/>
  <system-out/>
  <testcase classname="com.automationpractice.www.testscripts.Test_scenario_2" name="scenario2_1" time="5.276"/>
  <system-out/>
</testsuite> <!-- com.automationpractice.www.testscripts.Test_scenario_2 -->
