<?xml version="1.0" encoding="UTF-8"?>
<!-- Generated by org.testng.reporters.JUnitReportReporter -->
<testsuite hostname="DESKTOP-MP5P5GA" failures="0" tests="1" name="test.test_post" time="4.281" errors="0" timestamp="2022-06-14T19:53:53 GMT-07:00" skipped="0">
  <testcase classname="test.test_post" name="Test_post" time="4.281"/>
  <system-out/>
</testsuite> <!-- test.test_post -->
