<?xml version="1.0" encoding="UTF-8"?>
<!-- Generated by org.testng.reporters.JUnitReportReporter -->
<testsuite hostname="DESKTOP-MP5P5GA" failures="0" tests="1" name="test.test_patch" time="4.084" errors="0" timestamp="2022-06-14T21:48:27 GMT-07:00" skipped="0">
  <testcase classname="test.test_patch" name="Test_patch" time="4.084"/>
  <system-out/>
</testsuite> <!-- test.test_patch -->
