<?xml version="1.0" encoding="UTF-8"?>
<!-- Generated by org.testng.reporters.JUnitReportReporter -->
<testsuite hostname="DESKTOP-MP5P5GA" failures="0" tests="1" name="test.test_delete" time="4.046" errors="0" timestamp="2022-06-14T21:57:49 GMT-07:00" skipped="0">
  <testcase classname="test.test_delete" name="Test_delete" time="4.046"/>
  <system-out/>
</testsuite> <!-- test.test_delete -->
