<?xml version="1.0" encoding="UTF-8"?>
<!-- Generated by org.testng.reporters.JUnitReportReporter -->
<testsuite hostname="DESKTOP-MP5P5GA" failures="0" tests="1" name="test.example" time="4.327" errors="0" timestamp="2022-06-13T20:43:56 GMT-07:00" skipped="0">
  <testcase classname="test.example" name="test2" time="4.327"/>
  <system-out/>
</testsuite> <!-- test.example -->
