<?xml version="1.0" encoding="UTF-8"?>
<!-- Generated by org.testng.reporters.JUnitReportReporter -->
<testsuite hostname="DESKTOP-MP5P5GA" failures="0" tests="1" name="test.Test_get" time="4.185" errors="0" timestamp="2022-06-14T18:55:13 GMT-07:00" skipped="0">
  <testcase classname="test.Test_get" name="test_2" time="4.185"/>
  <system-out/>
</testsuite> <!-- test.Test_get -->
