<?xml version="1.0" encoding="UTF-8"?>
<!-- Generated by org.testng.reporters.JUnitReportReporter -->
<testsuite hostname="DESKTOP-MP5P5GA" failures="0" tests="1" name="test.test_put$Test_put" time="4.616" errors="0" timestamp="2022-06-14T21:21:24 GMT-07:00" skipped="0">
  <testcase classname="test.test_put$Test_put" name="Test_post" time="4.616"/>
  <system-out/>
</testsuite> <!-- test.test_put$Test_put -->
